<?xml version="1.0" encoding="UTF-8"?>
<!-- Generated by org.testng.reporters.JUnitReportReporter -->
<testsuite skipped="0" hostname="praveenkumar" name="seenu11.demoTest" tests="3" failures="0" timestamp="2019-11-23T10:09:23 IST" time="0.099" errors="0">
  <testcase name="chargertest" time="0.025" classname="seenu11.demoTest"/>
  <testcase name="remotetest" time="0.010" classname="seenu11.demoTest"/>
  <testcase name="bottletest" time="0.064" classname="seenu11.demoTest"/>
</testsuite> <!-- seenu11.demoTest -->
